Build started 5/6/2020 4:33:39 PM.
     1>Project "C:\Users\Eric\Git\IT266\quake2-full\quake2.vcxproj" on node 2 (Build target(s)).
     1>C:\Program Files (x86)\MSBuild\Microsoft.Cpp\v4.0\V120\Microsoft.CppBuild.targets(357,5): warning MSB8004: Output Directory does not end with a trailing slash.  This build instance will add the slash as it is required to allow proper evaluation of the Output Directory.
     1>ClCompile:
         C:\Program Files (x86)\Microsoft Visual Studio 12.0\VC\bin\CL.exe /c /Z7 /nologo /W4 /WX- /O2 /Oy- /D WIN32 /D NDEBUG /D _WINDOWS /D _VC80_UPGRADE=0x0600 /GF /Gm- /EHsc /MT /GS /Gy /fp:precise /Zc:wchar_t /Zc:forScope /Fo".\release\\" /Fd".\release\vc120.pdb" /Gd /TC /analyze- /errorReport:prompt client\menu.c
         menu.c
     1>client\menu.c(421): warning C4996: 'strcpy': This function or variable may be unsafe. Consider using strcpy_s instead. To disable deprecation, use _CRT_SECURE_NO_WARNINGS. See online help for details.
     1>client\menu.c(422): warning C4996: 'strcat': This function or variable may be unsafe. Consider using strcat_s instead. To disable deprecation, use _CRT_SECURE_NO_WARNINGS. See online help for details.
     1>client\menu.c(513): warning C4100: 'unused' : unreferenced formal parameter
     1>client\menu.c(518): warning C4100: 'unused' : unreferenced formal parameter
     1>client\menu.c(523): warning C4100: 'unused' : unreferenced formal parameter
     1>client\menu.c(1036): warning C4100: 'unused' : unreferenced formal parameter
     1>client\menu.c(1041): warning C4100: 'unused' : unreferenced formal parameter
     1>client\menu.c(1046): warning C4100: 'unused' : unreferenced formal parameter
     1>client\menu.c(1051): warning C4100: 'unused' : unreferenced formal parameter
     1>client\menu.c(1056): warning C4100: 'unused' : unreferenced formal parameter
     1>client\menu.c(1061): warning C4100: 'unused' : unreferenced formal parameter
     1>client\menu.c(1066): warning C4100: 'unused' : unreferenced formal parameter
     1>client\menu.c(1108): warning C4100: 'unused' : unreferenced formal parameter
     1>client\menu.c(1116): warning C4100: 'unused' : unreferenced formal parameter
     1>client\menu.c(1128): warning C4100: 'unused' : unreferenced formal parameter
     1>client\menu.c(1133): warning C4100: 'unused' : unreferenced formal parameter
     1>client\menu.c(1138): warning C4100: 'unused' : unreferenced formal parameter
     1>client\menu.c(1143): warning C4100: 'unused' : unreferenced formal parameter
     1>client\menu.c(1153): warning C4210: nonstandard extension used : function given file scope
     1>client\menu.c(1148): warning C4100: 'unused' : unreferenced formal parameter
     1>client\menu.c(1168): warning C4100: 'unused' : unreferenced formal parameter
     1>client\menu.c(1907): warning C4100: 'data' : unreferenced formal parameter
     1>client\menu.c(1913): warning C4100: 'data' : unreferenced formal parameter
     1>client\menu.c(1919): warning C4100: 'data' : unreferenced formal parameter
     1>client\menu.c(1925): warning C4100: 'unused' : unreferenced formal parameter
     1>client\menu.c(1930): warning C4100: 'unused' : unreferenced formal parameter
     1>client\menu.c(1935): warning C4100: 'unused' : unreferenced formal parameter
     1>client\menu.c(2055): warning C4996: 'fopen': This function or variable may be unsafe. Consider using fopen_s instead. To disable deprecation, use _CRT_SECURE_NO_WARNINGS. See online help for details.
                 C:\Program Files (x86)\Microsoft Visual Studio 12.0\VC\include\stdio.h(211) : see declaration of 'fopen'
     1>client\menu.c(2058): warning C4996: 'strcpy': This function or variable may be unsafe. Consider using strcpy_s instead. To disable deprecation, use _CRT_SECURE_NO_WARNINGS. See online help for details.
     1>client\menu.c(2236): warning C4101: 'i' : unreferenced local variable
     1>client\menu.c(2410): warning C4101: 'i' : unreferenced local variable
     1>client\menu.c(2552): warning C4996: 'strncpy': This function or variable may be unsafe. Consider using strncpy_s instead. To disable deprecation, use _CRT_SECURE_NO_WARNINGS. See online help for details.
                 C:\Program Files (x86)\Microsoft Visual Studio 12.0\VC\include\string.h(195) : see declaration of 'strncpy'
     1>client\menu.c(2575): warning C4100: 'self' : unreferenced formal parameter
     1>client\menu.c(2580): warning C4100: 'self' : unreferenced formal parameter
     1>client\menu.c(2590): warning C4996: 'strcpy': This function or variable may be unsafe. Consider using strcpy_s instead. To disable deprecation, use _CRT_SECURE_NO_WARNINGS. See online help for details.
     1>client\menu.c(2604): warning C4100: 'self' : unreferenced formal parameter
     1>client\menu.c(2639): warning C4996: 'strcpy': This function or variable may be unsafe. Consider using strcpy_s instead. To disable deprecation, use _CRT_SECURE_NO_WARNINGS. See online help for details.
     1>client\menu.c(2699): warning C4100: 'self' : unreferenced formal parameter
     1>client\menu.c(2718): warning C4996: 'strcpy': This function or variable may be unsafe. Consider using strcpy_s instead. To disable deprecation, use _CRT_SECURE_NO_WARNINGS. See online help for details.
     1>client\menu.c(2706): warning C4100: 'self' : unreferenced formal parameter
     1>client\menu.c(2751): warning C4996: 'strcpy': This function or variable may be unsafe. Consider using strcpy_s instead. To disable deprecation, use _CRT_SECURE_NO_WARNINGS. See online help for details.
     1>client\menu.c(2743): warning C4100: 'self' : unreferenced formal parameter
     1>client\menu.c(2845): warning C4996: 'fopen': This function or variable may be unsafe. Consider using fopen_s instead. To disable deprecation, use _CRT_SECURE_NO_WARNINGS. See online help for details.
                 C:\Program Files (x86)\Microsoft Visual Studio 12.0\VC\include\stdio.h(211) : see declaration of 'fopen'
     1>client\menu.c(2853): warning C4996: 'filelength': The POSIX name for this item is deprecated. Instead, use the ISO C++ conformant name: _filelength. See online help for details.
                 C:\Program Files (x86)\Microsoft Visual Studio 12.0\VC\include\io.h(331) : see declaration of 'filelength'
     1>client\menu.c(2853): warning C4996: 'fileno': The POSIX name for this item is deprecated. Instead, use the ISO C++ conformant name: _fileno. See online help for details.
                 C:\Program Files (x86)\Microsoft Visual Studio 12.0\VC\include\stdio.h(718) : see declaration of 'fileno'
     1>client\menu.c(2888): warning C4996: 'strcpy': This function or variable may be unsafe. Consider using strcpy_s instead. To disable deprecation, use _CRT_SECURE_NO_WARNINGS. See online help for details.
     1>client\menu.c(2892): warning C4996: 'strcpy': This function or variable may be unsafe. Consider using strcpy_s instead. To disable deprecation, use _CRT_SECURE_NO_WARNINGS. See online help for details.
     1>client\menu.c(2896): warning C4996: 'strcpy': This function or variable may be unsafe. Consider using strcpy_s instead. To disable deprecation, use _CRT_SECURE_NO_WARNINGS. See online help for details.
     1>client\menu.c(2948): warning C4996: 'strcpy': This function or variable may be unsafe. Consider using strcpy_s instead. To disable deprecation, use _CRT_SECURE_NO_WARNINGS. See online help for details.
     1>client\menu.c(2958): warning C4996: 'strcpy': This function or variable may be unsafe. Consider using strcpy_s instead. To disable deprecation, use _CRT_SECURE_NO_WARNINGS. See online help for details.
     1>client\menu.c(2975): warning C4996: 'strcpy': This function or variable may be unsafe. Consider using strcpy_s instead. To disable deprecation, use _CRT_SECURE_NO_WARNINGS. See online help for details.
     1>client\menu.c(2977): warning C4996: 'strcpy': This function or variable may be unsafe. Consider using strcpy_s instead. To disable deprecation, use _CRT_SECURE_NO_WARNINGS. See online help for details.
     1>client\menu.c(2987): warning C4996: 'strcpy': This function or variable may be unsafe. Consider using strcpy_s instead. To disable deprecation, use _CRT_SECURE_NO_WARNINGS. See online help for details.
     1>client\menu.c(3622): warning C4996: 'strcpy': This function or variable may be unsafe. Consider using strcpy_s instead. To disable deprecation, use _CRT_SECURE_NO_WARNINGS. See online help for details.
     1>client\menu.c(3694): warning C4100: 'self' : unreferenced formal parameter
     1>client\menu.c(3699): warning C4100: 'unused' : unreferenced formal parameter
     1>client\menu.c(3704): warning C4100: 'unused' : unreferenced formal parameter
     1>client\menu.c(3710): warning C4100: 'unused' : unreferenced formal parameter
     1>client\menu.c(3736): warning C4996: 'strcpy': This function or variable may be unsafe. Consider using strcpy_s instead. To disable deprecation, use _CRT_SECURE_NO_WARNINGS. See online help for details.
     1>client\menu.c(3738): warning C4996: 'strcat': This function or variable may be unsafe. Consider using strcat_s instead. To disable deprecation, use _CRT_SECURE_NO_WARNINGS. See online help for details.
     1>client\menu.c(3758): warning C4210: nonstandard extension used : function given file scope
     1>client\menu.c(3797): warning C4996: 'strcpy': This function or variable may be unsafe. Consider using strcpy_s instead. To disable deprecation, use _CRT_SECURE_NO_WARNINGS. See online help for details.
     1>client\menu.c(3798): warning C4996: 'strcat': This function or variable may be unsafe. Consider using strcat_s instead. To disable deprecation, use _CRT_SECURE_NO_WARNINGS. See online help for details.
     1>client\menu.c(3809): warning C4996: 'strcpy': This function or variable may be unsafe. Consider using strcpy_s instead. To disable deprecation, use _CRT_SECURE_NO_WARNINGS. See online help for details.
     1>client\menu.c(3810): warning C4996: 'strcat': This function or variable may be unsafe. Consider using strcat_s instead. To disable deprecation, use _CRT_SECURE_NO_WARNINGS. See online help for details.
     1>client\menu.c(3854): warning C4996: 'strcpy': This function or variable may be unsafe. Consider using strcpy_s instead. To disable deprecation, use _CRT_SECURE_NO_WARNINGS. See online help for details.
     1>client\menu.c(3859): warning C4996: 'strdup': The POSIX name for this item is deprecated. Instead, use the ISO C++ conformant name: _strdup. See online help for details.
                 C:\Program Files (x86)\Microsoft Visual Studio 12.0\VC\include\string.h(245) : see declaration of 'strdup'
     1>client\menu.c(3878): warning C4996: 'strncpy': This function or variable may be unsafe. Consider using strncpy_s instead. To disable deprecation, use _CRT_SECURE_NO_WARNINGS. See online help for details.
                 C:\Program Files (x86)\Microsoft Visual Studio 12.0\VC\include\string.h(195) : see declaration of 'strncpy'
     1>client\menu.c(3879): warning C4996: 'strcpy': This function or variable may be unsafe. Consider using strcpy_s instead. To disable deprecation, use _CRT_SECURE_NO_WARNINGS. See online help for details.
     1>client\menu.c(3935): warning C4996: 'strcpy': This function or variable may be unsafe. Consider using strcpy_s instead. To disable deprecation, use _CRT_SECURE_NO_WARNINGS. See online help for details.
     1>client\menu.c(3939): warning C4996: 'strcpy': This function or variable may be unsafe. Consider using strcpy_s instead. To disable deprecation, use _CRT_SECURE_NO_WARNINGS. See online help for details.
     1>client\menu.c(3944): warning C4996: 'strcpy': This function or variable may be unsafe. Consider using strcpy_s instead. To disable deprecation, use _CRT_SECURE_NO_WARNINGS. See online help for details.
     1>client\menu.c(3949): warning C4996: 'strcpy': This function or variable may be unsafe. Consider using strcpy_s instead. To disable deprecation, use _CRT_SECURE_NO_WARNINGS. See online help for details.
     1>client\menu.c(3950): warning C4996: 'strcpy': This function or variable may be unsafe. Consider using strcpy_s instead. To disable deprecation, use _CRT_SECURE_NO_WARNINGS. See online help for details.
     1>client\menu.c(3987): warning C4996: 'strcpy': This function or variable may be unsafe. Consider using strcpy_s instead. To disable deprecation, use _CRT_SECURE_NO_WARNINGS. See online help for details.
     1>client\menu.c(4076): warning C4210: nonstandard extension used : function given file scope
     1>client\menu.c(4093): warning C4189: 'maxframe' : local variable is initialized but not referenced
     1>c:\users\eric\git\it266\quake2-full\client\menu.c(3887): warning C4715: 'PlayerConfig_ScanDirectories' : not all control paths return a value
     1>c:\users\eric\git\it266\quake2-full\client\menu.c(2375): warning C4716: 'Buy_MenuKey' : must return a value
     1>c:\users\eric\git\it266\quake2-full\client\menu.c(2502): warning C4716: 'TD_MenuKey' : must return a value
       Link:
         C:\Program Files (x86)\Microsoft Visual Studio 12.0\VC\bin\link.exe /ERRORREPORT:PROMPT /OUT:"E:\SteamLibrary\steamapps\common\Quake 2 TD\quake2.exe" /INCREMENTAL:NO /NOLOGO winmm.lib wsock32.lib kernel32.lib user32.lib gdi32.lib winspool.lib comdlg32.lib advapi32.lib shell32.lib ole32.lib oleaut32.lib uuid.lib odbc32.lib odbccp32.lib /MANIFEST /MANIFESTUAC:"level='asInvoker' uiAccess='false'" /manifest:embed /PDB:"E:\SteamLibrary\steamapps\common\Quake 2 TD\quake2.pdb" /SUBSYSTEM:WINDOWS /TLBID:1 /DYNAMICBASE /NXCOMPAT /IMPLIB:"E:\SteamLibrary\steamapps\common\Quake 2 TD\quake2.lib" /MACHINE:X86 /SAFESEH .\release\q2.res
         .\release\cd_win.obj
         .\release\cl_cin.obj
         .\release\cl_ents.obj
         .\release\cl_fx.obj
         .\release\cl_input.obj
         .\release\cl_inv.obj
         .\release\cl_main.obj
         .\release\cl_newfx.obj
         .\release\cl_parse.obj
         .\release\cl_pred.obj
         .\release\cl_scrn.obj
         .\release\cl_tent.obj
         .\release\cl_view.obj
         .\release\cmd.obj
         .\release\cmodel.obj
         .\release\common.obj
         .\release\conproc.obj
         .\release\console.obj
         .\release\crc.obj
         .\release\cvar.obj
         .\release\files.obj
         .\release\in_win.obj
         .\release\keys.obj
         .\release\m_flash.obj
         .\release\md4.obj
         .\release\menu.obj
         .\release\net_chan.obj
         .\release\net_wins.obj
         .\release\pmove.obj
         .\release\q_shared.obj
         .\release\q_shwin.obj
         .\release\qmenu.obj
         .\release\snd_dma.obj
         .\release\snd_mem.obj
         .\release\snd_mix.obj
         .\release\snd_win.obj
         .\release\sv_ccmds.obj
         .\release\sv_ents.obj
         .\release\sv_game.obj
         .\release\sv_init.obj
         .\release\sv_main.obj
         .\release\sv_send.obj
         .\release\sv_user.obj
         .\release\sv_world.obj
         .\release\sys_win.obj
         .\release\vid_dll.obj
         .\release\vid_menu.obj
         .\release\x86.obj
         quake2.vcxproj -> E:\SteamLibrary\steamapps\common\Quake 2 TD\quake2.exe
     1>Done Building Project "C:\Users\Eric\Git\IT266\quake2-full\quake2.vcxproj" (Build target(s)).

Build succeeded.

Time Elapsed 00:00:00.56
